[17576:17516:0121/124233.738:INFO:components\enterprise\browser\controller\chrome_browser_cloud_management_controller.cc:206] No machine level policy manager exists.
[17576:17516:0121/124235.076:INFO:CONSOLE:113] "Event handler of 'x-storagemutated-1' event must be added on the initial evaluation of worker script.", source: https://static.whatsapp.net/rsrc.php/v4/yO/r/2kGygCOFgZq.js (113)
[17576:17516:0121/124236.558:INFO:CONSOLE:77] "ErrorUtils caught an error:

multiple-uim-roots

Subsequent non-fatal errors won't be logged; see https://fburl.com/debugjs. [object Object]", source: https://static.whatsapp.net/rsrc.php/v4/y-/r/ARqZ0p7S31Z.js (77)
[3296:12116:0121/124305.683:ERROR:ui\latency\latency_info.cc:106] CompositorFrameSinkSupport::MaybeSubmitCompositorFrame, LatencyInfo vector size 139 is too big.
[3296:12116:0121/124309.100:ERROR:ui\latency\latency_info.cc:106] CompositorFrameSinkSupport::MaybeSubmitCompositorFrame, LatencyInfo vector size 112 is too big.
[17576:9572:0121/124314.051:ERROR:google_apis\gcm\engine\registration_request.cc:292] Registration response error message: DEPRECATED_ENDPOINT
[17576:17516:0121/124314.584:INFO:CONSOLE:113] "Event handler of 'x-storagemutated-1' event must be added on the initial evaluation of worker script.", source: https://static.whatsapp.net/rsrc.php/v4/yO/r/2kGygCOFgZq.js (113)
[17576:9572:0121/124344.415:ERROR:google_apis\gcm\engine\registration_request.cc:292] Registration response error message: DEPRECATED_ENDPOINT
[3296:12116:0121/124359.399:ERROR:ui\latency\latency_info.cc:106] CompositorFrameSinkSupport::MaybeSubmitCompositorFrame, LatencyInfo vector size 139 is too big.
[3296:12116:0121/124402.686:ERROR:ui\latency\latency_info.cc:106] CompositorFrameSinkSupport::MaybeSubmitCompositorFrame, LatencyInfo vector size 112 is too big.
[17576:9572:0121/124443.890:ERROR:google_apis\gcm\engine\registration_request.cc:292] Registration response error message: DEPRECATED_ENDPOINT
[3296:12116:0121/124453.092:ERROR:ui\latency\latency_info.cc:106] CompositorFrameSinkSupport::MaybeSubmitCompositorFrame, LatencyInfo vector size 139 is too big.
[3296:12116:0121/124457.286:ERROR:ui\latency\latency_info.cc:106] CompositorFrameSinkSupport::MaybeSubmitCompositorFrame, LatencyInfo vector size 112 is too big.
[3296:12116:0121/124548.097:ERROR:ui\latency\latency_info.cc:106] CompositorFrameSinkSupport::MaybeSubmitCompositorFrame, LatencyInfo vector size 139 is too big.
[3296:12116:0121/124551.768:ERROR:ui\latency\latency_info.cc:106] CompositorFrameSinkSupport::MaybeSubmitCompositorFrame, LatencyInfo vector size 112 is too big.
[17576:9572:0121/124624.518:ERROR:google_apis\gcm\engine\registration_request.cc:292] Registration response error message: DEPRECATED_ENDPOINT
[3296:12116:0121/124642.193:ERROR:ui\latency\latency_info.cc:106] CompositorFrameSinkSupport::MaybeSubmitCompositorFrame, LatencyInfo vector size 139 is too big.
[3296:12116:0121/124645.689:ERROR:ui\latency\latency_info.cc:106] CompositorFrameSinkSupport::MaybeSubmitCompositorFrame, LatencyInfo vector size 112 is too big.
[3296:12116:0121/124758.961:ERROR:ui\latency\latency_info.cc:106] CompositorFrameSinkSupport::MaybeSubmitCompositorFrame, LatencyInfo vector size 139 is too big.
[3296:12116:0121/124804.832:ERROR:ui\latency\latency_info.cc:106] CompositorFrameSinkSupport::MaybeSubmitCompositorFrame, LatencyInfo vector size 112 is too big.
[3296:12116:0121/124901.132:ERROR:ui\latency\latency_info.cc:106] CompositorFrameSinkSupport::MaybeSubmitCompositorFrame, LatencyInfo vector size 139 is too big.
[3296:12116:0121/124906.648:ERROR:ui\latency\latency_info.cc:106] CompositorFrameSinkSupport::MaybeSubmitCompositorFrame, LatencyInfo vector size 112 is too big.
[17576:9572:0121/124933.481:ERROR:google_apis\gcm\engine\registration_request.cc:292] Registration response error message: DEPRECATED_ENDPOINT
[3296:12116:0121/125002.450:ERROR:ui\latency\latency_info.cc:106] CompositorFrameSinkSupport::MaybeSubmitCompositorFrame, LatencyInfo vector size 139 is too big.
[3296:12116:0121/125008.269:ERROR:ui\latency\latency_info.cc:106] CompositorFrameSinkSupport::MaybeSubmitCompositorFrame, LatencyInfo vector size 112 is too big.
[3296:12116:0121/125113.832:ERROR:ui\latency\latency_info.cc:106] CompositorFrameSinkSupport::MaybeSubmitCompositorFrame, LatencyInfo vector size 139 is too big.
[3296:12116:0121/125119.523:ERROR:ui\latency\latency_info.cc:106] CompositorFrameSinkSupport::MaybeSubmitCompositorFrame, LatencyInfo vector size 112 is too big.
[3296:12116:0121/125225.404:ERROR:ui\latency\latency_info.cc:106] CompositorFrameSinkSupport::MaybeSubmitCompositorFrame, LatencyInfo vector size 139 is too big.
[3296:12116:0121/125231.241:ERROR:ui\latency\latency_info.cc:106] CompositorFrameSinkSupport::MaybeSubmitCompositorFrame, LatencyInfo vector size 112 is too big.
[3296:12116:0121/125327.112:ERROR:ui\latency\latency_info.cc:106] CompositorFrameSinkSupport::MaybeSubmitCompositorFrame, LatencyInfo vector size 139 is too big.
[3296:12116:0121/125332.924:ERROR:ui\latency\latency_info.cc:106] CompositorFrameSinkSupport::MaybeSubmitCompositorFrame, LatencyInfo vector size 112 is too big.
[17576:17516:0121/125348.261:INFO:CONSOLE:113] "Event handler of 'x-storagemutated-1' event must be added on the initial evaluation of worker script.", source: https://static.whatsapp.net/rsrc.php/v4/yO/r/2kGygCOFgZq.js (113)
[3296:12116:0121/125429.429:ERROR:ui\latency\latency_info.cc:106] CompositorFrameSinkSupport::MaybeSubmitCompositorFrame, LatencyInfo vector size 139 is too big.
[3296:12116:0121/125435.452:ERROR:ui\latency\latency_info.cc:106] CompositorFrameSinkSupport::MaybeSubmitCompositorFrame, LatencyInfo vector size 112 is too big.
[3296:12116:0121/125530.692:ERROR:ui\latency\latency_info.cc:106] CompositorFrameSinkSupport::MaybeSubmitCompositorFrame, LatencyInfo vector size 139 is too big.
[3296:12116:0121/125536.367:ERROR:ui\latency\latency_info.cc:106] CompositorFrameSinkSupport::MaybeSubmitCompositorFrame, LatencyInfo vector size 112 is too big.
[3296:12116:0121/125631.701:ERROR:ui\latency\latency_info.cc:106] CompositorFrameSinkSupport::MaybeSubmitCompositorFrame, LatencyInfo vector size 139 is too big.
[3296:12116:0121/125637.207:ERROR:ui\latency\latency_info.cc:106] CompositorFrameSinkSupport::MaybeSubmitCompositorFrame, LatencyInfo vector size 112 is too big.
[17576:9572:0121/125725.040:ERROR:google_apis\gcm\engine\registration_request.cc:292] Registration response error message: DEPRECATED_ENDPOINT
[3296:12116:0121/125741.763:ERROR:ui\latency\latency_info.cc:106] CompositorFrameSinkSupport::MaybeSubmitCompositorFrame, LatencyInfo vector size 139 is too big.
[3296:12116:0121/125747.503:ERROR:ui\latency\latency_info.cc:106] CompositorFrameSinkSupport::MaybeSubmitCompositorFrame, LatencyInfo vector size 112 is too big.
[3296:12116:0121/125847.072:ERROR:ui\latency\latency_info.cc:106] CompositorFrameSinkSupport::MaybeSubmitCompositorFrame, LatencyInfo vector size 139 is too big.
[3296:12116:0121/125850.650:ERROR:ui\latency\latency_info.cc:106] CompositorFrameSinkSupport::MaybeSubmitCompositorFrame, LatencyInfo vector size 112 is too big.
[3296:12116:0121/125941.004:ERROR:ui\latency\latency_info.cc:106] CompositorFrameSinkSupport::MaybeSubmitCompositorFrame, LatencyInfo vector size 139 is too big.
[3296:12116:0121/125944.371:ERROR:ui\latency\latency_info.cc:106] CompositorFrameSinkSupport::MaybeSubmitCompositorFrame, LatencyInfo vector size 112 is too big.
[3296:12116:0121/130034.188:ERROR:ui\latency\latency_info.cc:106] CompositorFrameSinkSupport::MaybeSubmitCompositorFrame, LatencyInfo vector size 139 is too big.
[3296:12116:0121/130037.709:ERROR:ui\latency\latency_info.cc:106] CompositorFrameSinkSupport::MaybeSubmitCompositorFrame, LatencyInfo vector size 112 is too big.
[3296:12116:0121/130128.242:ERROR:ui\latency\latency_info.cc:106] CompositorFrameSinkSupport::MaybeSubmitCompositorFrame, LatencyInfo vector size 139 is too big.
[3296:12116:0121/130131.674:ERROR:ui\latency\latency_info.cc:106] CompositorFrameSinkSupport::MaybeSubmitCompositorFrame, LatencyInfo vector size 112 is too big.
[3296:12116:0121/130222.123:ERROR:ui\latency\latency_info.cc:106] CompositorFrameSinkSupport::MaybeSubmitCompositorFrame, LatencyInfo vector size 139 is too big.
[3296:12116:0121/130225.870:ERROR:ui\latency\latency_info.cc:106] CompositorFrameSinkSupport::MaybeSubmitCompositorFrame, LatencyInfo vector size 112 is too big.
[3296:12116:0121/130319.451:ERROR:ui\latency\latency_info.cc:106] CompositorFrameSinkSupport::MaybeSubmitCompositorFrame, LatencyInfo vector size 139 is too big.
[3296:12116:0121/130325.270:ERROR:ui\latency\latency_info.cc:106] CompositorFrameSinkSupport::MaybeSubmitCompositorFrame, LatencyInfo vector size 112 is too big.
